<?xml version="1.0" encoding="UTF-8"?>
<!-- Generated by org.testng.reporters.JUnitReportReporter -->
<testsuite hostname="Oliver" failures="0" tests="9" name="com.testOperations.HomeSearchTest" time="60.696" errors="0" timestamp="28 Sep 2021 11:15:42 GMT" skipped="0">
  <testcase classname="com.testOperations.HomeSearchTest" name="testExcelRead" time="1.151"/>
  <testcase classname="com.testOperations.HomeSearchTest" name="testSite" time="0.225"/>
  <testcase classname="com.testOperations.HomeSearchTest" name="testSearchCity" time="9.406"/>
  <testcase classname="com.testOperations.HomeSearchTest" name="testSearchHldyHome" time="8.041"/>
  <testcase classname="com.testOperations.HomeSearchTest" name="testDateSelection" time="12.578"/>
  <testcase classname="com.testOperations.HomeSearchTest" name="testGuestSelection" time="10.337"/>
  <testcase classname="com.testOperations.HomeSearchTest" name="testSortBy" time="9.198"/>
  <testcase classname="com.testOperations.HomeSearchTest" name="testAmmenitiesFilter" time="8.488"/>
  <testcase classname="com.testOperations.HomeSearchTest" name="testWirteExcelFile" time="1.272"/>
</testsuite> <!-- com.testOperations.HomeSearchTest -->
