<?xml version="1.0" encoding="UTF-8"?>
<!-- Generated by org.testng.reporters.JUnitReportReporter -->
<testsuite skipped="0" hostname="Oliver" name="com.testOperations.HomeSearchTest" tests="9" failures="0" timestamp="28 Sep 2021 13:07:45 GMT" time="74.776" errors="0">
  <testcase name="testExcelRead" time="2.930" classname="com.testOperations.HomeSearchTest"/>
  <testcase name="testSite" time="0.196" classname="com.testOperations.HomeSearchTest"/>
  <testcase name="testSearchCity" time="10.130" classname="com.testOperations.HomeSearchTest"/>
  <testcase name="testSearchHldyHome" time="13.094" classname="com.testOperations.HomeSearchTest"/>
  <testcase name="testDateSelection" time="16.731" classname="com.testOperations.HomeSearchTest"/>
  <testcase name="testGuestSelection" time="10.687" classname="com.testOperations.HomeSearchTest"/>
  <testcase name="testSortBy" time="9.582" classname="com.testOperations.HomeSearchTest"/>
  <testcase name="testAmmenitiesFilter" time="9.527" classname="com.testOperations.HomeSearchTest"/>
  <testcase name="testWirteExcelFile" time="1.899" classname="com.testOperations.HomeSearchTest"/>
</testsuite> <!-- com.testOperations.HomeSearchTest -->
